Unity Editor version:    6000.4.1f1 (8535861f39e1)
Branch:                  6000.4/staging
Build type:              Release
Batch mode:              YES
macOS version:           Version 15.4.1 (Build 24E263)
Darwin version:          24.4.0
Architecture:            arm64
Running under Rosetta:   NO
Available memory:        32768 MB
Date:                    2026-04-08T22:38:23Z
[Licensing::Module] Trying to connect to existing licensing client channel...
[Licensing::IpcConnector] Successfully connected to: "LicenseClient-namyoungpark" at "2026-04-08T22:38:23.866625Z"

COMMAND LINE ARGUMENTS:
/Applications/Unity/Hub/Editor/6000.4.1f1/Unity.app/Contents/MacOS/Unity
-adb2
-batchMode
-noUpm
-name
AssetImportWorker1
-projectPath
/Users/namyoungpark/ai-game-building-crusher/random-building-crusher
-logFile
Logs/AssetImportWorker1.log
-srvPort
54234
-licensingIpc
LicenseClient-namyoungpark
-force-metal
-job-worker-count
4
-background-job-worker-count
8
-gc-helper-count
1
-name AssetImport
Successfully changed project path to: /Users/namyoungpark/ai-game-building-crusher/random-building-crusher
/Users/namyoungpark/ai-game-building-crusher/random-building-crusher
[UnityMemory] Configuration Parameters - Can be set up in boot.config
    "memorysetup-temp-allocator-size-gi-baking-worker=262144"
    "memorysetup-temp-allocator-size-gi-baking-worker=262144"
    "memorysetup-temp-allocator-size-gi-baking-worker=262144"
    "memorysetup-temp-allocator-size-gi-baking-worker=262144"
    "memorysetup-temp-allocator-size-gi-baking-worker=262144"
    "memorysetup-temp-allocator-size-nav-mesh-worker=65536"
    "memorysetup-temp-allocator-size-audio-worker=65536"
    "memorysetup-temp-allocator-size-cloud-worker=32768"
    "memorysetup-allocator-temp-initial-block-size-main=262144"
    "memorysetup-allocator-temp-initial-block-size-worker=262144"
    "memorysetup-temp-allocator-size-background-worker=32768"
    "memorysetup-temp-allocator-size-job-worker=262144"
    "memorysetup-temp-allocator-size-preload-manager=33554432"
    "memorysetup-temp-allocator-size-gfx=262144"
    "memorysetup-bucket-allocator-granularity=16"
    "memorysetup-bucket-allocator-bucket-count=8"
    "memorysetup-bucket-allocator-block-size=33554432"
    "memorysetup-bucket-allocator-block-count=8"
    "memorysetup-main-allocator-block-size=16777216"
    "memorysetup-thread-allocator-block-size=16777216"
    "memorysetup-gfx-main-allocator-block-size=16777216"
    "memorysetup-gfx-thread-allocator-block-size=16777216"
    "memorysetup-cache-allocator-block-size=4194304"
    "memorysetup-typetree-allocator-block-size=2097152"
    "memorysetup-profiler-bucket-allocator-granularity=16"
    "memorysetup-profiler-bucket-allocator-bucket-count=8"
    "memorysetup-profiler-bucket-allocator-block-size=33554432"
    "memorysetup-profiler-bucket-allocator-block-count=8"
    "memorysetup-profiler-allocator-block-size=16777216"
    "memorysetup-profiler-editor-allocator-block-size=1048576"
    "memorysetup-temp-allocator-size-main=16777216"
    "memorysetup-job-temp-allocator-block-size=2097152"
    "memorysetup-job-temp-allocator-block-size-background=1048576"
    "memorysetup-job-temp-allocator-reduction-small-platforms=262144"
Player connection [8545766528]  Target information:

Player connection [8545766528]  * "[IP] 172.20.1.155 [Port] 0 [Flags] 2 [Guid] 3658960459 [EditorId] 3658960459 [Version] 1048832 [Id] OSXEditor(0,PaulYu-Laptop.localdomain) [Debug] 1 [PackageName] OSXEditor [ProjectName] Editor" 

Player connection [8545766528] Host joined multi-casting on [225.0.0.222:54997]...
Player connection [8545766528] Host joined alternative multi-casting on [225.0.0.222:34997]...
JobSystem: Creating JobQueue using job-worker-count value 4
Input System module state changed to: Initialized.
[Physics::Module] Initialized fallback backend.
[Physics::Module] Id: 0xdecafbad
Library Redirect Path: Library/
[Physics::Module] Selected backend.
[Physics::Module] Name: PhysX
[Physics::Module] Id: 0xf2b8ea05
[Physics::Module] SDK Version: 4.1.2
[Physics::Module] Integration Version: 1.0.0
[Physics::Module] Threading Mode: Multi-Threaded
Initialize engine version: 6000.4.1f1 (8535861f39e1)
[Subsystems] Discovering subsystems at path /Applications/Unity/Hub/Editor/6000.4.1f1/Unity.app/Contents/Resources/UnitySubsystems
[Subsystems] Discovering subsystems at path /Users/namyoungpark/ai-game-building-crusher/random-building-crusher/Assets
Forcing GfxDevice: Metal
GfxDevice: creating device client; kGfxThreadingModeNonThreaded
 preferred device: Apple M1 Pro (high power)
Metal devices available: 1
0: Apple M1 Pro (high power)
Using device Apple M1 Pro (high power)
Initializing Metal device caps: Apple M1 Pro
Mac GPU Family: 2
Apple GPU Family: 7
MSL Version: 3.0
Has Float MSAA: 1
Has Float Filtering: 1
ReadWrite Texture Tier: 2
Initialize mono
Mono path[0] = '/Applications/Unity/Hub/Editor/6000.4.1f1/Unity.app/Contents/Resources/Scripting/Managed'
Mono path[1] = '/Applications/Unity/Hub/Editor/6000.4.1f1/Unity.app/Contents/Resources/Scripting/MonoBleedingEdge/lib/mono/unityjit-macos'
Mono config path = '/Applications/Unity/Hub/Editor/6000.4.1f1/Unity.app/Contents/Resources/Scripting/MonoBleedingEdge/etc'
Using monoOptions --debugger-agent=transport=dt_socket,embedding=1,server=y,suspend=n,address=127.0.0.1:56970
CodeReloadManager initialized
Begin MonoManager ReloadAssembly
[Licensing::Client] Error: HandshakeResponse reported an error:
	ResponseCode: 505
	ResponseStatus: Unsupported protocol version '1.18.1'.
[Licensing::Module] Error: Failed to handshake to channel: "LicenseClient-namyoungpark"
[Licensing::IpcConnector] LicenseClient-namyoungpark channel disconnected successfully.
[Licensing::IpcConnector] Successfully connected to: "LicenseClient-namyoungpark-6000.4.1" at "2026-04-08T22:38:24.412172Z"
Registering precompiled unity dll's ...
Register platform support module: /Applications/Unity/Hub/Editor/6000.4.1f1/PlaybackEngines/WebGLSupport/UnityEditor.WebGL.Extensions.dll
Register platform support module: /Applications/Unity/Hub/Editor/6000.4.1f1/Unity.app/Contents/PlaybackEngines/MacStandaloneSupport/UnityEditor.OSXStandalone.Extensions.dll
Registered in 0.000472 seconds.
Native extension for OSXStandalone target not found
Native extension for WebGL target not found
[Licensing::Client] Handshaking with LicensingClient:
  Version:                 1.18.1+9fbee8e
  Session Id:              82e4ce70cda54d7e9eec6287933c64c5
  Correlation Id:          2fc3f3f2aac9351dfa01347617fa0bfa
  External correlation Id: 2837954401753427716
  Machine Id:              IB9Q0KtUsXn9Stpj7fbmA9eSdyM=
[Licensing::Module] Successfully connected to LicensingClient on channel: "LicenseClient-namyoungpark-6000.4.1" (connect: 0.00s, validation: 0.00s, handshake: 0.45s)
[Licensing::IpcConnector] Successfully connected to: "LicenseClient-namyoungpark-6000.4.1-notifications" at "2026-04-08T22:38:24.858232Z"
[Licensing::Module] Licensing Background thread has ended after 0.99s
Package Manager log level set to [2]
[Package Manager] Failed to launch server process. Reason: Unity was launched with the -noUpm command-line argument
[Package Manager] Unable to send message (not connected to server process).
[Package Manager] Cannot connect to Unity Package Manager local server
ScheduleIndexationOnStartup MainProcess:False IndexOnStartup:True
Mono: successfully reloaded assembly
- Finished resetting the current domain, in  0.293 seconds
Domain Reload Profiling: 631ms
	BeginReloadAssembly (76ms)
	RebuildCommonClasses (32ms)
	RebuildNativeTypeToScriptingClass (12ms)
	initialDomainReloadingComplete (41ms)
	LoadAllAssembliesAndSetupDomain (176ms)
		LoadAssemblies (76ms)
		AnalyzeDomain (168ms)
			TypeCache.Refresh (167ms)
				TypeCache.ScanAssembly (153ms)
	FinalizeReload (294ms)
		SetupLoadedEditorAssemblies (0ms)
			InitializePlatformSupportModulesInManaged (33ms)
			BeforeProcessingInitializeOnLoad (65ms)
			ProcessInitializeOnLoadAttributes (81ms)
			ProcessInitializeOnLoadMethodAttributes (65ms)
[CoreBusinessMetrics] Unexpected thread when updating session info.
========================================================================
Worker process is ready to serve import requests
Import Worker Mode flag is 0x00
Begin MonoManager ReloadAssembly
[Licensing::Client] Successfully resolved entitlement details
[Licensing::Module] License group:
  Id: 14569738870845-UnityPersXXXX
  Product: Unity Personal
  Type: Assigned
  Expiration: Unlimited
Assembly Assembly-CSharp-Editor-firstpass.dll at Library/ScriptAssemblies/Assembly-CSharp-Editor-firstpass.dll not valid. Loading of assembly skipped.
Assembly Assembly-CSharp-Editor.dll at Library/ScriptAssemblies/Assembly-CSharp-Editor.dll not valid. Loading of assembly skipped.
Assembly Assembly-CSharp-firstpass.dll at Library/ScriptAssemblies/Assembly-CSharp-firstpass.dll not valid. Loading of assembly skipped.
Assembly Assembly-CSharp.dll at Library/ScriptAssemblies/Assembly-CSharp.dll not valid. Loading of assembly skipped.
Assembly BuildingCrusher.dll at Library/ScriptAssemblies/BuildingCrusher.dll not valid. Loading of assembly skipped.
Assembly Unity.Multiplayer.Center.Editor.Tests.dll at Library/ScriptAssemblies/Unity.Multiplayer.Center.Editor.Tests.dll not valid. Loading of assembly skipped.
Assembly Unity.Multiplayer.Center.Tests.dll at Library/ScriptAssemblies/Unity.Multiplayer.Center.Tests.dll not valid. Loading of assembly skipped.
Native extension for OSXStandalone target not found
Native extension for WebGL target not found
[Package Manager] Failed to launch server process. Reason: Unity was launched with the -noUpm command-line argument
[Package Manager] Unable to send message (not connected to server process).
[Package Manager] Cannot connect to Unity Package Manager local server
ScheduleIndexationOnStartup MainProcess:False IndexOnStartup:True
Mono: successfully reloaded assembly
- Finished resetting the current domain, in  0.228 seconds
Domain Reload Profiling: 410ms
	BeginReloadAssembly (105ms)
		DisableScriptedObjects (3ms)
		CreateAndSetChildDomain (26ms)
	RebuildCommonClasses (29ms)
	RebuildNativeTypeToScriptingClass (11ms)
	initialDomainReloadingComplete (19ms)
	LoadAllAssembliesAndSetupDomain (17ms)
		LoadAssemblies (48ms)
		AnalyzeDomain (9ms)
			TypeCache.Refresh (7ms)
				TypeCache.ScanAssembly (3ms)
	FinalizeReload (229ms)
		SetupLoadedEditorAssemblies (0ms)
			BeforeProcessingInitializeOnLoad (65ms)
			ProcessInitializeOnLoadAttributes (52ms)
			ProcessInitializeOnLoadMethodAttributes (26ms)
Launching external process: /Applications/Unity/Hub/Editor/6000.4.1f1/Unity.app/Contents/Helpers/UnityShaderCompiler
Launched and connected shader compiler UnityShaderCompiler after 0.03 seconds
Unloading 0 Unused Serialized files (Serialized files now loaded: 0)
Unloading 83 unused Assets / (24.6 KB). Loaded Objects now: 682.
Memory consumption went from 63.1 MB to 63.1 MB.
Total: 3.824250 ms (FindLiveObjects: 0.027875 ms CreateObjectMapping: 0.010042 ms MarkObjects: 3.699875 ms  DeleteObjects: 0.085959 ms)

========================================================================
Received Import Request.
  Time since last request: 2107283.584765 seconds.
  path: Assets/Scripts/Core/GameSnapshot.cs
  importAddress: Guid(f7de21da8cf0d4ebc947a3232a7432e7) Importer(2089858483,b0f066a214c2f5e87bad3c948f4d605d)
Start importing Assets/Scripts/Core/GameSnapshot.cs using Guid(f7de21da8cf0d4ebc947a3232a7432e7) Importer(2089858483,b0f066a214c2f5e87bad3c948f4d605d) (ScriptedImporter) -> (Import Result ID: 'ccb4dfecf3db46709604cadce6766e79') in 0.052715375 seconds [static and dynamic dependencies]. Details - ImportResultOutputID=ecd52e73198d596f255883d1743e0e9d DependenciesID=0fb70618be3e74ccc5bb81f653775f22 StaticDependenciesID=bdf2395a1eeaecf9eb85b5f0e0a36638 
Number of updated asset objects reloaded before import = 0Number of asset objects unloaded after import = 0

========================================================================
Received Import Request.
  Time since last request: 0.000044 seconds.
  path: Assets/Scripts/Rendering/HazardRenderer.cs
  importAddress: Guid(f5c8e254a7a384cb1a61c4d10dbdafe3) Importer(2089858483,b0f066a214c2f5e87bad3c948f4d605d)
Start importing Assets/Scripts/Rendering/HazardRenderer.cs using Guid(f5c8e254a7a384cb1a61c4d10dbdafe3) Importer(2089858483,b0f066a214c2f5e87bad3c948f4d605d) (ScriptedImporter) -> (Import Result ID: 'aba2165815236c705bdb094aa318af2a') in 0.001084708 seconds [static and dynamic dependencies]. Details - ImportResultOutputID=2164ffdd281eed035158a1c00c135a70 DependenciesID=a6a87928a4f7b50c2d7bb1de4b5f516d StaticDependenciesID=e72b51ebdf60aa540f9946527653d28e 
Number of updated asset objects reloaded before import = 0Number of asset objects unloaded after import = 0

========================================================================
Received Import Request.
  Time since last request: 0.000090 seconds.
  path: Assets/Scripts/Rendering/EffectsManager.cs
  importAddress: Guid(2a6a8602e876441679119d1c1690805c) Importer(2089858483,b0f066a214c2f5e87bad3c948f4d605d)
Start importing Assets/Scripts/Rendering/EffectsManager.cs using Guid(2a6a8602e876441679119d1c1690805c) Importer(2089858483,b0f066a214c2f5e87bad3c948f4d605d) (ScriptedImporter) -> (Import Result ID: 'a106a481f847d5fe89abffefd54986f5') in 0.001106458 seconds [static and dynamic dependencies]. Details - ImportResultOutputID=fe869e81e9ecafded76c0428ce3bd599 DependenciesID=b0554071976c02259e58a72ebc68862d StaticDependenciesID=4c00a0b602339aa010724d0ce9286325 
Number of updated asset objects reloaded before import = 0Number of asset objects unloaded after import = 0

========================================================================
Received Import Request.
  Time since last request: 0.000087 seconds.
  path: Assets/Scripts/Managers/GameManager.cs
  importAddress: Guid(e6a9dad34452f47fb9561a301fad9139) Importer(2089858483,b0f066a214c2f5e87bad3c948f4d605d)
Start importing Assets/Scripts/Managers/GameManager.cs using Guid(e6a9dad34452f47fb9561a301fad9139) Importer(2089858483,b0f066a214c2f5e87bad3c948f4d605d) (ScriptedImporter) -> (Import Result ID: '08c60513b572ea8fad6af444353e8a59') in 0.001134 seconds [static and dynamic dependencies]. Details - ImportResultOutputID=037c0e1c14e6c83d6a2134886734f0d7 DependenciesID=ec6e34769722f89743c67b9c160f18d0 StaticDependenciesID=25718da841198a56d3da08f8d912ebfe 
Number of updated asset objects reloaded before import = 0Number of asset objects unloaded after import = 0

========================================================================
Received Import Request.
  Time since last request: 0.000139 seconds.
  path: Assets/Scripts/Entities/CharacterView.cs
  importAddress: Guid(512a41b2f48c04a32b1d9fa9108a42b4) Importer(2089858483,b0f066a214c2f5e87bad3c948f4d605d)
Start importing Assets/Scripts/Entities/CharacterView.cs using Guid(512a41b2f48c04a32b1d9fa9108a42b4) Importer(2089858483,b0f066a214c2f5e87bad3c948f4d605d) (ScriptedImporter) -> (Import Result ID: '6f5a6c4051f1c6f53433062f658568c8') in 0.000952166 seconds [static and dynamic dependencies]. Details - ImportResultOutputID=16391938e15cb9fd4348524c1d8ca6d3 DependenciesID=d6bc8ce38d4e777e723732f0e84588d4 StaticDependenciesID=3e80e87493052972c44f5da28191df61 
Number of updated asset objects reloaded before import = 0Number of asset objects unloaded after import = 0

========================================================================
Received Import Request.
  Time since last request: 0.000080 seconds.
  path: Assets/Scripts/Core/GameEngine.cs
  importAddress: Guid(98c41595f78a3481d9ff12aad6559349) Importer(2089858483,b0f066a214c2f5e87bad3c948f4d605d)
Start importing Assets/Scripts/Core/GameEngine.cs using Guid(98c41595f78a3481d9ff12aad6559349) Importer(2089858483,b0f066a214c2f5e87bad3c948f4d605d) (ScriptedImporter) -> (Import Result ID: '395a3268bcc614ca91e87bf307a9894e') in 0.000961958 seconds [static and dynamic dependencies]. Details - ImportResultOutputID=35a17d6aa85447fe51b4050a316cc94d DependenciesID=9d385a8e14e4dbdc1435d7891b26e18c StaticDependenciesID=5663b36d9ec74f404c5606bdd162ed05 
Number of updated asset objects reloaded before import = 0Number of asset objects unloaded after import = 0

========================================================================
Received Import Request.
  Time since last request: 0.000087 seconds.
  path: Assets/Scripts/Data/BuildingDefs.cs
  importAddress: Guid(19552c38ddffd442dbea81c52984af55) Importer(2089858483,b0f066a214c2f5e87bad3c948f4d605d)
Start importing Assets/Scripts/Data/BuildingDefs.cs using Guid(19552c38ddffd442dbea81c52984af55) Importer(2089858483,b0f066a214c2f5e87bad3c948f4d605d) (ScriptedImporter) -> (Import Result ID: '721b74375537ebca57c0399b28bcc72e') in 0.000939125 seconds [static and dynamic dependencies]. Details - ImportResultOutputID=dab599745e39196978d6ca7bed838159 DependenciesID=3a8544bffd7d38b57a742955e7c1629a StaticDependenciesID=ea3329c309140d2bb8d38018768478c7 
Number of updated asset objects reloaded before import = 0Number of asset objects unloaded after import = 0

========================================================================
Received Import Request.
  Time since last request: 0.000089 seconds.
  path: Assets/Scripts/Data/AbilityDefs.cs
  importAddress: Guid(b9c46cdfd975d4ffb9a41c5113b001e7) Importer(2089858483,b0f066a214c2f5e87bad3c948f4d605d)
Start importing Assets/Scripts/Data/AbilityDefs.cs using Guid(b9c46cdfd975d4ffb9a41c5113b001e7) Importer(2089858483,b0f066a214c2f5e87bad3c948f4d605d) (ScriptedImporter) -> (Import Result ID: 'ae57d9d81af6e2c249aa4e7f7f91dddd') in 0.0008825 seconds [static and dynamic dependencies]. Details - ImportResultOutputID=d9a55959a3fb9fe05b36e0c149bb3f05 DependenciesID=90bda8b9e405ee160d8861c7e0925cef StaticDependenciesID=584e58500fcc82d9c273007de1df6331 
Number of updated asset objects reloaded before import = 0Number of asset objects unloaded after import = 0

========================================================================
Received Import Request.
  Time since last request: 0.000092 seconds.
  path: Assets/Scripts/Entities/HazardView.cs
  importAddress: Guid(25f691926d4e541f1aa4b6a5637270a5) Importer(2089858483,b0f066a214c2f5e87bad3c948f4d605d)
Start importing Assets/Scripts/Entities/HazardView.cs using Guid(25f691926d4e541f1aa4b6a5637270a5) Importer(2089858483,b0f066a214c2f5e87bad3c948f4d605d) (ScriptedImporter) -> (Import Result ID: '64cbb732158b7f61b07f9cb036db174f') in 0.000896417 seconds [static and dynamic dependencies]. Details - ImportResultOutputID=2189f452840659d2c784d87e5ce3c557 DependenciesID=e4b8a1e85b1dbd6b07c498142a631271 StaticDependenciesID=956a91fafd60f945256f282b5989015c 
Number of updated asset objects reloaded before import = 0Number of asset objects unloaded after import = 0

========================================================================
Received Import Request.
  Time since last request: 0.000090 seconds.
  path: Assets/Scripts/Core/GameState.cs
  importAddress: Guid(aad18e87f15124dbda4e01a1bad8897a) Importer(2089858483,b0f066a214c2f5e87bad3c948f4d605d)
Start importing Assets/Scripts/Core/GameState.cs using Guid(aad18e87f15124dbda4e01a1bad8897a) Importer(2089858483,b0f066a214c2f5e87bad3c948f4d605d) (ScriptedImporter) -> (Import Result ID: '3883006f803991a1489351f15dd05ae6') in 0.001197833 seconds [static and dynamic dependencies]. Details - ImportResultOutputID=1756e4f0a04e152e8f68f3618b8e2170 DependenciesID=a1ce4e2b0d13a1458f5950872d898ac6 StaticDependenciesID=e12546b388ee135936f88ad0670ed608 
Number of updated asset objects reloaded before import = 0Number of asset objects unloaded after import = 0

